<?xml version="1.0" encoding="UTF-8"?>
<!-- Generated by org.testng.reporters.JUnitReportReporter -->
<testsuite hostname="ABHISHEK" failures="0" tests="3" name="DynamicJson" time="3.792" errors="0" timestamp="2025-02-02T16:50:16 IST" skipped="0">
  <testcase classname="DynamicJson" name="addBook" time="0.214"/>
  <testcase classname="DynamicJson" name="addBook" time="3.367"/>
  <testcase classname="DynamicJson" name="addBook" time="0.211"/>
</testsuite> <!-- DynamicJson -->
